{
  "RSpec": {
    "coverage": {
      "C:/Users/Rafael/espressito/espressito0.9/app/models/expense.rb": [
        1,
        1,
        1,
        1,
        1,
        null
      ],
      "C:/Users/Rafael/espressito/espressito0.9/app/uploaders/picture_uploader.rb": [
        1,
        null,
        null,
        null,
        null,
        null,
        1,
        null,
        null,
        null,
        null,
        1,
        0,
        null,
        null,
        null,
        null,
        null,
        null,
        null,
        null,
        null,
        null,
        null,
        null,
        null,
        null,
        null,
        null,
        null,
        null,
        null,
        null,
        null,
        null,
        null,
        null,
        null,
        null,
        null,
        null,
        null,
        null,
        null,
        null,
        null,
        null
      ],
      "C:/Users/Rafael/espressito/espressito0.9/app/controllers/expenses_controller.rb": [
        1,
        1,
        1,
        1,
        null,
        null,
        null,
        1,
        0,
        0,
        0,
        0,
        null,
        null,
        null,
        null,
        null,
        1,
        null,
        null,
        null,
        1,
        0,
        null,
        null,
        null,
        1,
        null,
        null,
        null,
        null,
        1,
        0,
        0,
        0,
        0,
        0,
        0,
        0,
        null,
        0,
        0,
        null,
        null,
        null,
        null,
        null,
        null,
        1,
        0,
        0,
        0,
        0,
        null,
        0,
        0,
        null,
        null,
        null,
        null,
        null,
        null,
        1,
        0,
        0,
        0,
        0,
        null,
        null,
        null,
        1,
        0,
        0,
        0,
        0,
        0,
        null,
        null,
        null,
        1,
        0,
        0,
        0,
        0,
        0,
        null,
        null,
        null,
        1,
        null,
        1,
        0,
        null,
        null,
        null,
        1,
        0,
        null,
        null,
        null,
        null
      ],
      "C:/Users/Rafael/espressito/espressito0.9/app/controllers/application_controller.rb": [
        1,
        1,
        1,
        null,
        1,
        0,
        null,
        null,
        null,
        1,
        1,
        null,
        1,
        0,
        null,
        1,
        1,
        0,
        null,
        1,
        null,
        null,
        null,
        1,
        3,
        null,
        null,
        null
      ],
      "C:/Users/Rafael/espressito/espressito0.9/app/models/ability.rb": [
        null,
        null,
        1,
        1,
        null,
        1,
        1,
        0,
        0,
        0,
        0,
        null,
        1,
        0,
        0,
        0,
        0,
        null,
        0,
        0,
        null,
        0,
        0,
        null,
        null,
        null,
        null
      ],
      "C:/Users/Rafael/espressito/espressito0.9/app/channels/application_cable/channel.rb": [
        0,
        0,
        0,
        0
      ],
      "C:/Users/Rafael/espressito/espressito0.9/app/channels/application_cable/connection.rb": [
        0,
        0,
        0,
        0
      ],
      "C:/Users/Rafael/espressito/espressito0.9/app/controllers/concerns/accessible.rb": [
        0,
        0,
        0,
        0,
        0,
        null,
        0,
        0,
        0,
        0,
        null,
        0,
        0,
        0,
        null,
        0,
        0,
        0,
        0
      ],
      "C:/Users/Rafael/espressito/espressito0.9/app/controllers/employees/confirmations_controller.rb": [
        null,
        null,
        0,
        null,
        null,
        null,
        null,
        null,
        null,
        null,
        null,
        null,
        null,
        null,
        null,
        null,
        null,
        null,
        null,
        null,
        null,
        null,
        null,
        null,
        null,
        null,
        null,
        null,
        null,
        0
      ],
      "C:/Users/Rafael/espressito/espressito0.9/app/controllers/employees/omniauth_callbacks_controller.rb": [
        null,
        null,
        0,
        null,
        null,
        null,
        null,
        null,
        null,
        null,
        null,
        null,
        null,
        null,
        null,
        null,
        null,
        null,
        null,
        null,
        null,
        null,
        null,
        null,
        null,
        null,
        null,
        null,
        null,
        0
      ],
      "C:/Users/Rafael/espressito/espressito0.9/app/controllers/employees/passwords_controller.rb": [
        null,
        null,
        0,
        null,
        null,
        null,
        null,
        null,
        null,
        null,
        null,
        null,
        null,
        null,
        null,
        null,
        null,
        null,
        null,
        null,
        null,
        null,
        null,
        null,
        null,
        null,
        null,
        null,
        null,
        null,
        null,
        null,
        null,
        0
      ],
      "C:/Users/Rafael/espressito/espressito0.9/app/controllers/employees/registrations_controller.rb": [
        null,
        null,
        0,
        0,
        0,
        0,
        0,
        0,
        0,
        null,
        null,
        null,
        null,
        null,
        null,
        null,
        null,
        null,
        null,
        null,
        null,
        null,
        null,
        null,
        null,
        null,
        null,
        null,
        null,
        null,
        null,
        null,
        null,
        null,
        null,
        null,
        null,
        null,
        null,
        null,
        null,
        null,
        null,
        null,
        null,
        null,
        null,
        null,
        null,
        null,
        0,
        0,
        0,
        null,
        null,
        null,
        null,
        null,
        null,
        null,
        null,
        null,
        null,
        null,
        null,
        null,
        null,
        null,
        0
      ],
      "C:/Users/Rafael/espressito/espressito0.9/app/controllers/employees/sessions_controller.rb": [
        null,
        null,
        0,
        0,
        0,
        null,
        null,
        null,
        null,
        null,
        null,
        null,
        null,
        null,
        null,
        null,
        null,
        null,
        null,
        null,
        null,
        null,
        null,
        null,
        null,
        null,
        null,
        null,
        0
      ],
      "C:/Users/Rafael/espressito/espressito0.9/app/controllers/employees/unlocks_controller.rb": [
        null,
        null,
        0,
        null,
        null,
        null,
        null,
        null,
        null,
        null,
        null,
        null,
        null,
        null,
        null,
        null,
        null,
        null,
        null,
        null,
        null,
        null,
        null,
        null,
        null,
        null,
        null,
        null,
        null,
        0
      ],
      "C:/Users/Rafael/espressito/espressito0.9/app/controllers/managers/confirmations_controller.rb": [
        null,
        null,
        0,
        null,
        null,
        null,
        null,
        null,
        null,
        null,
        null,
        null,
        null,
        null,
        null,
        null,
        null,
        null,
        null,
        null,
        null,
        null,
        null,
        null,
        null,
        null,
        null,
        null,
        null,
        0
      ],
      "C:/Users/Rafael/espressito/espressito0.9/app/controllers/managers/omniauth_callbacks_controller.rb": [
        null,
        null,
        0,
        null,
        null,
        null,
        null,
        null,
        null,
        null,
        null,
        null,
        null,
        null,
        null,
        null,
        null,
        null,
        null,
        null,
        null,
        null,
        null,
        null,
        null,
        null,
        null,
        null,
        null,
        0
      ],
      "C:/Users/Rafael/espressito/espressito0.9/app/controllers/managers/passwords_controller.rb": [
        null,
        null,
        0,
        null,
        null,
        null,
        null,
        null,
        null,
        null,
        null,
        null,
        null,
        null,
        null,
        null,
        null,
        null,
        null,
        null,
        null,
        null,
        null,
        null,
        null,
        null,
        null,
        null,
        null,
        null,
        null,
        null,
        null,
        0
      ],
      "C:/Users/Rafael/espressito/espressito0.9/app/controllers/managers/registrations_controller.rb": [
        null,
        null,
        0,
        0,
        0,
        null,
        0,
        null,
        null,
        null,
        null,
        null,
        null,
        null,
        null,
        null,
        null,
        null,
        null,
        null,
        null,
        null,
        null,
        null,
        null,
        null,
        null,
        null,
        null,
        null,
        null,
        null,
        null,
        null,
        null,
        null,
        null,
        null,
        null,
        null,
        null,
        null,
        null,
        null,
        null,
        null,
        null,
        null,
        null,
        null,
        0,
        null,
        0,
        0,
        0,
        null,
        0,
        0,
        0,
        null,
        null,
        null,
        null,
        null,
        null,
        null,
        null,
        null,
        null,
        0
      ],
      "C:/Users/Rafael/espressito/espressito0.9/app/controllers/managers/sessions_controller.rb": [
        null,
        null,
        0,
        0,
        0,
        null,
        null,
        null,
        null,
        null,
        null,
        null,
        null,
        null,
        null,
        null,
        null,
        null,
        null,
        null,
        null,
        null,
        null,
        null,
        null,
        null,
        null,
        null,
        null,
        0
      ],
      "C:/Users/Rafael/espressito/espressito0.9/app/controllers/managers/unlocks_controller.rb": [
        null,
        null,
        0,
        null,
        null,
        null,
        null,
        null,
        null,
        null,
        null,
        null,
        null,
        null,
        null,
        null,
        null,
        null,
        null,
        null,
        null,
        null,
        null,
        null,
        null,
        null,
        null,
        null,
        null,
        0
      ],
      "C:/Users/Rafael/espressito/espressito0.9/app/controllers/page_controller.rb": [
        0,
        0,
        0,
        0,
        0
      ],
      "C:/Users/Rafael/espressito/espressito0.9/app/helpers/application_helper.rb": [
        0,
        0
      ],
      "C:/Users/Rafael/espressito/espressito0.9/app/helpers/expenses_helper.rb": [
        0,
        0,
        0,
        0,
        0,
        0,
        0,
        0,
        0,
        0,
        0
      ],
      "C:/Users/Rafael/espressito/espressito0.9/app/helpers/page_helper.rb": [
        0,
        0
      ],
      "C:/Users/Rafael/espressito/espressito0.9/app/jobs/application_job.rb": [
        0,
        0
      ],
      "C:/Users/Rafael/espressito/espressito0.9/app/mailers/application_mailer.rb": [
        0,
        0,
        0,
        0
      ],
      "C:/Users/Rafael/espressito/espressito0.9/app/models/application_record.rb": [
        0,
        0,
        0
      ],
      "C:/Users/Rafael/espressito/espressito0.9/app/models/employee.rb": [
        0,
        null,
        null,
        0,
        0,
        0,
        0,
        0,
        0
      ],
      "C:/Users/Rafael/espressito/espressito0.9/app/models/manager.rb": [
        0,
        null,
        null,
        0,
        0,
        0,
        0,
        0
      ]
    },
    "timestamp": 1590441017
  }
}
